<?xml version="1.0" encoding="UTF-8"?>
<!-- Generated by org.testng.reporters.JUnitReportReporter -->
<testsuite hostname="FOCUS-QA-133" name="com.focus.testcases.LoginPageTest" tests="4" failures="0" timestamp="9 Dec 2022 04:16:15 GMT" time="15.484" errors="0">
  <testcase name="checkLoginPageAvailablityOfFields" time="1.959" classname="com.focus.testcases.LoginPageTest"/>
  <testcase name="checkCompanyTextDisplayInCompanyListDropdown" time="0.051" classname="com.focus.testcases.LoginPageTest"/>
  <testcase name="checkSignInBtnWithValidUserNameAndValidPassword" time="13.337" classname="com.focus.testcases.LoginPageTest"/>
  <testcase name="verifyTheNumberOfListInCompanyDropdownList" time="0.137" classname="com.focus.testcases.LoginPageTest"/>
</testsuite> <!-- com.focus.testcases.LoginPageTest -->
