<?xml version="1.0" encoding="UTF-8"?>
<!-- Generated by org.testng.reporters.JUnitReportReporter -->
<testsuite hostname="FOCUS-QA-133" name="com.focus.testcases.URLBrowserTest" tests="2" failures="0" timestamp="9 Dec 2022 04:16:15 GMT" time="16.593" errors="0">
  <testcase name="checkLoginPageTitleByURLInputInBrowser" time="6.285" classname="com.focus.testcases.URLBrowserTest"/>
  <testcase name="verifyBrowserOpen" time="10.308" classname="com.focus.testcases.URLBrowserTest"/>
</testsuite> <!-- com.focus.testcases.URLBrowserTest -->
