<?xml version="1.0" encoding="UTF-8"?>
<!-- Generated by org.testng.reporters.JUnitReportReporter -->
<testsuite hostname="FOCUS-QA-133" name="com.focus.testcases.ItemQueryPageTest" tests="2" failures="0" timestamp="9 Dec 2022 04:16:15 GMT" time="68.641" errors="0">
  <testcase name="checkStockLedgerReportForBrBatchItem" time="34.455" classname="com.focus.testcases.ItemQueryPageTest"/>
  <testcase name="checkStockLedgerReportForBrBatchItem" time="34.186" classname="com.focus.testcases.ItemQueryPageTest"/>
</testsuite> <!-- com.focus.testcases.ItemQueryPageTest -->
